# Домашнее задание к занятию "6.2. SQL"

## Задача 1

### Решение

docker-compose манифест:

'''
version: "3.3"
services:
  postgres:
    image: postgres:12
    ports:
      - "5432:5432"
    container_name: pdb
    environment:
      POSTGRES_DB: "test_db"
      POSTGRES_USER: "test-admin-user"
      POSTGRES_PASSWORD: "test"
    volumes:
      - db:/var/lib/postgresql/data
      - backup:/var/lib/postgresql/backup
      - ./init.sql:/docker-entrypoint-initdb.d/init.sql
    restart: always
volumes:
  db: {}
  backup: {}
'''

## Задача 2, 3

### Решение

В docker-compose манифест включена директива init.sql. Содержимое файла init.sql:

   CREATE USER "test-simple-user" WITH PASSWORD 'test';
   CREATE TABLE orders(id serial primary key,наименование VARCHAR(250),цена INTEGER);
   CREATE TABLE clients(id serial primary key,фамилия VARCHAR(250),"страна проживания" VARCHAR(250),заказ integer REFERENCES orders (id));
   CREATE INDEX country_of_stay_index on clients("страна проживания");
   GRANT SELECT,INSERT,DELETE,UPDATE ON TABLE "orders" TO "test-simple-user";
   GRANT SELECT,INSERT,DELETE,UPDATE ON TABLE "clients" TO "test-simple-user";
   insert into orders(наименование,цена) values('Шоколад',10);
   insert into orders(наименование,цена) values('Принтер',3000);
   insert into orders(наименование,цена) values('Книга',500);
   insert into orders(наименование,цена) values('Монитор',7000);
   insert into orders(наименование,цена) values('Гитара',4000);
   insert into clients(фамилия,"страна проживания") values('Иванов Иван Иванович','USA');
   insert into clients(фамилия,"страна проживания") values('Петров Петр Петрович','Canada');
   insert into clients(фамилия,"страна проживания") values('Иоганн Себастьян Бах','Japan');
   insert into clients(фамилия,"страна проживания") values('Ронни Джеймс Дио','Russia');
   insert into clients(фамилия,"страна проживания") values('Ritchie Blackmore','Russia');

Список баз данных:

test_db=# \l
                                             List of databases
       Name    |      Owner      | Encoding |  Collate   |   Ctype    |            Access privileges            
    -----------+-----------------+----------+------------+------------+-----------------------------------------
     postgres  | test-admin-user | UTF8     | en_US.utf8 | en_US.utf8 | 
     template0 | test-admin-user | UTF8     | en_US.utf8 | en_US.utf8 | =c/"test-admin-user"                   +
               |                 |          |            |            | "test-admin-user"=CTc/"test-admin-user"
     template1 | test-admin-user | UTF8     | en_US.utf8 | en_US.utf8 | =c/"test-admin-user"                   +
               |                 |          |            |            | "test-admin-user"=CTc/"test-admin-user"
     test_db   | test-admin-user | UTF8     | en_US.utf8 | en_US.utf8 | 
    (4 rows)


Описание таблиц:

test_db=# \d orders

                                           Table "public.orders"
        Column    |          Type          | Collation | Nullable |              Default               
    --------------+------------------------+-----------+----------+------------------------------------
     id           | integer                |           | not null | nextval('orders_id_seq'::regclass)
     наименование | character varying(250) |           |          | 
     цена         | integer                |           |          | 
    Indexes:
        "orders_pkey" PRIMARY KEY, btree (id)
    Referenced by:
        TABLE "clients" CONSTRAINT "clients_заказ_fkey" FOREIGN KEY ("заказ") REFERENCES orders(id)


test_db=# \d clients

                                             Table "public.clients"
          Column       |          Type          | Collation | Nullable |               Default               
    -------------------+------------------------+-----------+----------+-------------------------------------
     id                | integer                |           | not null | nextval('clients_id_seq'::regclass)
     фамилия           | character varying(250) |           |          | 
     страна проживания | character varying(250) |           |          | 
     заказ             | integer                |           |          | 
    Indexes:
        "clients_pkey" PRIMARY KEY, btree (id)
        "country_of_stay_index" btree ("страна проживания")
    Foreign-key constraints:
        "clients_заказ_fkey" FOREIGN KEY ("заказ") REFERENCES orders(id)



4. 

UPDATE clients SET заказ=(SELECT id FROM orders WHERE наименование='Книга') WHERE фамилия='Иванов Иван Иванович';
UPDATE clients SET заказ=4 WHERE фамилия='Петров Петр Петрович';
UPDATE clients SET заказ=5 WHERE id=3;


select cli.фамилия from clients as cli where заказ is not null;

select cli.фамилия from clients as cli join orders as ord on cli.заказ=ord.id;


Интереснее всего рассмотреть планы выполнения обоих запросов.

Запрос 1

test_db=# explain analyze select cli.фамилия from clients as cli join orders as ord on cli.заказ=ord.id;
                                                     QUERY PLAN                                                      
---------------------------------------------------------------------------------------------------------------------
 Hash Join  (cost=11.57..24.20 rows=70 width=516) (actual time=0.160..0.185 rows=3 loops=1)
   Hash Cond: (ord.id = cli."заказ")
   ->  Seq Scan on orders ord  (cost=0.00..11.40 rows=140 width=4) (actual time=0.015..0.025 rows=5 loops=1)
   ->  Hash  (cost=10.70..10.70 rows=70 width=520) (actual time=0.063..0.067 rows=3 loops=1)
         Buckets: 1024  Batches: 1  Memory Usage: 9kB
         ->  Seq Scan on clients cli  (cost=0.00..10.70 rows=70 width=520) (actual time=0.016..0.028 rows=5 loops=1)
 Planning Time: 0.235 ms
 Execution Time: 0.234 ms
(8 rows)

Запрос возвращает не значительное количество данных и не вносит изменений, поэтому можно выполнить команду explain
с analyze для получения фактического времени выполнения и количества строк. 
Hash Join запускае субоперацию по последовательному чтению данных (Seq Scan) из clients в массив хэшированными с помощью того, что используется для объединения данных в нашем случае это поле id. Далее запускается вторая субоперация по чтению данных из таблице orders. На данном этапе проверяется есть ли ключ join в хэше и если нет, то строка из субоперации игнарируется.


cost (стоимость) некоторая абстрактная величина зависищая от настроек сервера. Используется для оценки выполнения запроса.
rows - количество записей.
width - ширина объем памяти используемой для возвращения результата запроса.
actual time - среднее время в милисекундах.

Запрос 2

test_db=# explain analyze select cli.фамилия from clients as cli where заказ is not null;
;
                                               QUERY PLAN                                                
---------------------------------------------------------------------------------------------------------
 Seq Scan on clients cli  (cost=0.00..10.70 rows=70 width=516) (actual time=0.020..0.028 rows=3 loops=1)
   Filter: ("заказ" IS NOT NULL)
   Rows Removed by Filter: 2
 Planning Time: 0.101 ms
 Execution Time: 0.063 ms
(5 rows)

В данном случае все проще. Чтение происходит из одной таблице. Фильтруются строки с указанным условием.
Как стоимость так и реальное время выполнения данного запроса в разы меньше.


Вариантов создания резервных копия и восстановления достатоыно много. Воспользуюсь одним из них.
Создаю резервную копию утилитой pg_dump:

pg_dump -U test-admin-user -w test_db > /var/lib/postgresql/backup/test_db.dump

База данные имеет не значтиельный объем, можно просмотреть полученный файл cat test_db.dump | more

Выполняю остановку контейнера docker stop pdb



Копирую файл test_db.dump из старого volume в новый.

Подключаюсь в pbs2
docker exec -it pdb2 bash

Подключаюсь в postgres (psql -U test-admin-user test_db) и проверяю, что в базе отсутствуют таблицы:

test_db=# \d
Did not find any relations.

Восстанавливаю данные из резервой копии:

psql -U test-admin-user test_db <  /var/lib/postgresql/backup/test_db.dump 

Проверяю:

test_db=# \d
                  List of relations
 Schema |      Name      |   Type   |      Owner      
--------+----------------+----------+-----------------
 public | clients        | table    | test-admin-user
 public | clients_id_seq | sequence | test-admin-user
 public | orders         | table    | test-admin-user
 public | orders_id_seq  | sequence | test-admin-user
(4 rows)

test_db=# select * from clients;
 id |       фамилия        | страна проживания | заказ 
----+----------------------+-------------------+-------
  4 | Ронни Джеймс Дио     | Russia            |      
  5 | Ritchie Blackmore    | Russia            |      
  1 | Иванов Иван Иванович | USA               |     3
  2 | Петров Петр Петрович | Canada            |     4
  3 | Иоганн Себастьян Бах | Japan             |     5
(5 rows)

Так как данная копия - это последовательность команд, то более оптимальный способ восстановленияю был бы
включение данного скрипта в docker-compose через директиву init.sql
